<?xml version="1.0" encoding="UTF-8"?>
<testng-results skipped="3" failed="0" total="3" passed="0">
  <reporter-output>
  </reporter-output>
  <suite name="Default suite" duration-ms="184" started-at="2018-05-28T06:32:14Z" finished-at="2018-05-28T06:32:14Z">
    <groups>
    </groups>
    <test name="Default test" duration-ms="184" started-at="2018-05-28T06:32:14Z" finished-at="2018-05-28T06:32:14Z">
      <class name="com.day01.mavenproject.Amazon_search_Test">
        <test-method status="FAIL" signature="browser_Invoke()[pri:0, instance:com.day01.mavenproject.Amazon_search_Test@4520ebad]" name="browser_Invoke" is-config="true" duration-ms="0" started-at="2018-05-28T12:02:14Z" finished-at="2018-05-28T12:02:14Z">
          <exception class="java.lang.IllegalStateException">
            <message>
              <![CDATA[The path to the driver executable must be set by the webdriver.chrome.driver system property; for more information, see https://github.com/SeleniumHQ/selenium/wiki/ChromeDriver. The latest version can be downloaded from http://chromedriver.storage.googleapis.com/index.html]]>
            </message>
            <full-stacktrace>
              <![CDATA[java.lang.IllegalStateException: The path to the driver executable must be set by the webdriver.chrome.driver system property; for more information, see https://github.com/SeleniumHQ/selenium/wiki/ChromeDriver. The latest version can be downloaded from http://chromedriver.storage.googleapis.com/index.html
	at com.google.common.base.Preconditions.checkState(Preconditions.java:847)
	at org.openqa.selenium.remote.service.DriverService.findExecutable(DriverService.java:124)
	at org.openqa.selenium.chrome.ChromeDriverService.access$000(ChromeDriverService.java:33)
	at org.openqa.selenium.chrome.ChromeDriverService$Builder.findDefaultExecutable(ChromeDriverService.java:139)
	at org.openqa.selenium.remote.service.DriverService$Builder.build(DriverService.java:335)
	at org.openqa.selenium.chrome.ChromeDriverService.createDefaultService(ChromeDriverService.java:89)
	at org.openqa.selenium.chrome.ChromeDriver.<init>(ChromeDriver.java:123)
	at com.day01.mavenproject.Amazon_search_Test.browser_Invoke(Amazon_search_Test.java:34)
	at sun.reflect.NativeMethodAccessorImpl.invoke0(Native Method)
	at sun.reflect.NativeMethodAccessorImpl.invoke(NativeMethodAccessorImpl.java:62)
	at sun.reflect.DelegatingMethodAccessorImpl.invoke(DelegatingMethodAccessorImpl.java:43)
	at java.lang.reflect.Method.invoke(Method.java:498)
	at org.testng.internal.MethodInvocationHelper.invokeMethod(MethodInvocationHelper.java:80)
	at org.testng.internal.Invoker.invokeConfigurationMethod(Invoker.java:564)
	at org.testng.internal.Invoker.invokeConfigurations(Invoker.java:213)
	at org.testng.internal.Invoker.invokeConfigurations(Invoker.java:138)
	at org.testng.TestRunner.beforeRun(TestRunner.java:641)
	at org.testng.TestRunner.run(TestRunner.java:609)
	at org.testng.SuiteRunner.runTest(SuiteRunner.java:334)
	at org.testng.SuiteRunner.runSequentially(SuiteRunner.java:329)
	at org.testng.SuiteRunner.privateRun(SuiteRunner.java:291)
	at org.testng.SuiteRunner.run(SuiteRunner.java:240)
	at org.testng.SuiteRunnerWorker.runSuite(SuiteRunnerWorker.java:52)
	at org.testng.SuiteRunnerWorker.run(SuiteRunnerWorker.java:86)
	at org.testng.TestNG.runSuitesSequentially(TestNG.java:1198)
	at org.testng.TestNG.runSuitesLocally(TestNG.java:1123)
	at org.testng.TestNG.run(TestNG.java:1031)
	at org.testng.remote.AbstractRemoteTestNG.run(AbstractRemoteTestNG.java:114)
	at org.testng.remote.RemoteTestNG.initAndRun(RemoteTestNG.java:251)
	at org.testng.remote.RemoteTestNG.main(RemoteTestNG.java:77)
]]>
            </full-stacktrace>
          </exception> <!-- java.lang.IllegalStateException -->
          <reporter-output>
          </reporter-output>
        </test-method> <!-- browser_Invoke -->
        <test-method status="SKIP" signature="navigate_url()[pri:0, instance:com.day01.mavenproject.Amazon_search_Test@4520ebad]" name="navigate_url" duration-ms="1" started-at="2018-05-28T12:02:14Z" finished-at="2018-05-28T12:02:14Z">
          <reporter-output>
          </reporter-output>
        </test-method> <!-- navigate_url -->
        <test-method status="SKIP" signature="Search_product()[pri:0, instance:com.day01.mavenproject.Amazon_search_Test@4520ebad]" name="Search_product" duration-ms="1" started-at="2018-05-28T12:02:14Z" finished-at="2018-05-28T12:02:14Z">
          <reporter-output>
          </reporter-output>
        </test-method> <!-- Search_product -->
        <test-method status="SKIP" signature="Get_productlist()[pri:0, instance:com.day01.mavenproject.Amazon_search_Test@4520ebad]" name="Get_productlist" duration-ms="1" started-at="2018-05-28T12:02:14Z" finished-at="2018-05-28T12:02:14Z">
          <reporter-output>
          </reporter-output>
        </test-method> <!-- Get_productlist -->
        <test-method status="SKIP" signature="Close_browser()[pri:0, instance:com.day01.mavenproject.Amazon_search_Test@4520ebad]" name="Close_browser" is-config="true" duration-ms="0" started-at="2018-05-28T12:02:14Z" finished-at="2018-05-28T12:02:14Z">
          <reporter-output>
          </reporter-output>
        </test-method> <!-- Close_browser -->
      </class> <!-- com.day01.mavenproject.Amazon_search_Test -->
    </test> <!-- Default test -->
  </suite> <!-- Default suite -->
</testng-results>
