<?xml version="1.0" encoding="UTF-8"?>
<testng-results skipped="0" failed="0" total="3" passed="3">
  <reporter-output>
  </reporter-output>
  <suite name="Default suite" duration-ms="31399" started-at="2018-06-04T10:10:59Z" finished-at="2018-06-04T10:11:30Z">
    <groups>
    </groups>
    <test name="Default test" duration-ms="31399" started-at="2018-06-04T10:10:59Z" finished-at="2018-06-04T10:11:30Z">
      <class name="com.day01.mavenproject.Amazon_search_Test">
        <test-method status="PASS" signature="browser_Invoke()[pri:0, instance:com.day01.mavenproject.Amazon_search_Test@4520ebad]" name="browser_Invoke" is-config="true" duration-ms="14259" started-at="2018-06-04T15:40:59Z" finished-at="2018-06-04T15:41:13Z">
          <reporter-output>
          </reporter-output>
        </test-method> <!-- browser_Invoke -->
        <test-method status="PASS" signature="navigate_url()[pri:0, instance:com.day01.mavenproject.Amazon_search_Test@4520ebad]" name="navigate_url" duration-ms="9578" started-at="2018-06-04T15:41:13Z" finished-at="2018-06-04T15:41:22Z">
          <reporter-output>
          </reporter-output>
        </test-method> <!-- navigate_url -->
        <test-method status="PASS" signature="Search_product()[pri:0, instance:com.day01.mavenproject.Amazon_search_Test@4520ebad]" name="Search_product" duration-ms="6179" started-at="2018-06-04T15:41:22Z" finished-at="2018-06-04T15:41:29Z">
          <reporter-output>
          </reporter-output>
        </test-method> <!-- Search_product -->
        <test-method status="PASS" signature="Get_productlist()[pri:0, instance:com.day01.mavenproject.Amazon_search_Test@4520ebad]" name="Get_productlist" duration-ms="565" started-at="2018-06-04T15:41:29Z" finished-at="2018-06-04T15:41:29Z">
          <reporter-output>
          </reporter-output>
        </test-method> <!-- Get_productlist -->
        <test-method status="PASS" signature="Close_browser()[pri:0, instance:com.day01.mavenproject.Amazon_search_Test@4520ebad]" name="Close_browser" is-config="true" duration-ms="795" started-at="2018-06-04T15:41:29Z" finished-at="2018-06-04T15:41:30Z">
          <reporter-output>
          </reporter-output>
        </test-method> <!-- Close_browser -->
      </class> <!-- com.day01.mavenproject.Amazon_search_Test -->
    </test> <!-- Default test -->
  </suite> <!-- Default suite -->
</testng-results>
