<?xml version="1.0" encoding="UTF-8"?>
<!-- Generated by org.testng.reporters.JUnitXMLReporter -->
<testsuite hostname="CDC5-D-DGPQFD2" name="Default test" tests="3" failures="0" timestamp="4 Jun 2018 10:11:30 GMT" time="31.399" errors="0">
  <testcase name="navigate_url" time="9.578" classname="com.day01.mavenproject.Amazon_search_Test"/>
  <testcase name="Search_product" time="6.179" classname="com.day01.mavenproject.Amazon_search_Test"/>
  <testcase name="Get_productlist" time="0.565" classname="com.day01.mavenproject.Amazon_search_Test"/>
</testsuite> <!-- Default test -->
