<?xml version="1.0" encoding="UTF-8"?>
<!-- Generated by org.testng.reporters.JUnitXMLReporter -->
<testsuite hostname="acer-PC" name="Default test" tests="3" failures="0" timestamp="27 May 2018 11:43:32 GMT" time="51.747" errors="0">
  <testcase name="navigate_url" time="10.938" classname="com.day01.mavenproject.Amazon_search"/>
  <testcase name="Search_product" time="8.01" classname="com.day01.mavenproject.Amazon_search"/>
  <testcase name="Get_productlist" time="2.352" classname="com.day01.mavenproject.Amazon_search"/>
</testsuite> <!-- Default test -->
